<?xml version='1.0'?>
<ns2:test-suite xmlns:ns2='urn:model.allure.qatools.yandex.ru' start='1601915571847' stop='1601915583826'>
    <name>Validations for Add New Role</name>
    <title>Validations for Add New Role</title>
    <test-cases>
        <test-case start='1601915571847' status='failed' stop='1601915574752'>
            <name>ValidationsTest - It should create new Role</name>
            <title>ValidationsTest - It should create new Role</title>
            <labels/>
            <parameters/>
            <steps/>
            <attachments>
                <attachment title='Screenshot' source='195950c8-01b9-4c6a-8a2c-8a6011bb7a71-attachment.png' type='image/png' size='40452'/>
            </attachments>
            <failure>
                <message>Expected '' to equal 'Role name or description cannot start or end with special characters'.</message>
                <stack-trace>Error: Failed expectation
                    at UserContext.&lt;anonymous> (C:\Users\UX013810\workspace\WCWRUI\Tests\Admin\UC_AD_24\ValidationTest.js:69:61)
                    at C:\Users\X013810\AppData\Roaming\npm\node_modules\protractor\node_modules\jasminewd2\index.js:112:25
                    at new ManagedPromise (C:\Users\X013810\AppData\Roaming\npm\node_modules\protractor\node_modules\selenium-webdriver\lib\promise.js:1077:7)
                    at ControlFlow.promise (C:\Users\X013810\AppData\Roaming\npm\node_modules\protractor\node_modules\selenium-webdriver\lib\promise.js:2505:12)
                    at schedulerExecute (C:\Users\X013810\AppData\Roaming\npm\node_modules\protractor\node_modules\jasminewd2\index.js:95:18)
                    at TaskQueue.execute_ (C:\Users\X013810\AppData\Roaming\npm\node_modules\protractor\node_modules\selenium-webdriver\lib\promise.js:3084:14)
                    at TaskQueue.executeNext_ (C:\Users\X013810\AppData\Roaming\npm\node_modules\protractor\node_modules\selenium-webdriver\lib\promise.js:3067:27)
                    at C:\Users\X013810\AppData\Roaming\npm\node_modules\protractor\node_modules\selenium-webdriver\lib\promise.js:2974:25
                    at C:\Users\X013810\AppData\Roaming\npm\node_modules\protractor\node_modules\selenium-webdriver\lib\promise.js:668:7</stack-trace>
            </failure>
        </test-case>
        <test-case start='1601915574753' status='failed' stop='1601915577755'>
            <name>ValidationsTest - It should not create new role as role name is more thatn 20 characters</name>
            <title>ValidationsTest - It should not create new role as role name is more thatn 20 characters</title>
            <labels/>
            <parameters/>
            <steps/>
            <attachments>
                <attachment title='Screenshot' source='c6e1a55a-2542-4120-aea4-8dbb6ab09807-attachment.png' type='image/png' size='43837'/>
            </attachments>
            <failure>
                <message>Expected 'The following Role : Super123 already exists.
                The following Role : SuperUserSuperUserSuperUser already exists.' to equal 'Role name or description cannot start or end with special characters'.</message>
                <stack-trace>Error: Failed expectation
                    at UserContext.&lt;anonymous> (C:\Users\UX013810\workspace\WCWRUI\Tests\Admin\UC_AD_24\ValidationTest.js:88:58)
                    at C:\Users\X013810\AppData\Roaming\npm\node_modules\protractor\node_modules\jasminewd2\index.js:112:25
                    at new ManagedPromise (C:\Users\X013810\AppData\Roaming\npm\node_modules\protractor\node_modules\selenium-webdriver\lib\promise.js:1077:7)
                    at ControlFlow.promise (C:\Users\X013810\AppData\Roaming\npm\node_modules\protractor\node_modules\selenium-webdriver\lib\promise.js:2505:12)
                    at schedulerExecute (C:\Users\X013810\AppData\Roaming\npm\node_modules\protractor\node_modules\jasminewd2\index.js:95:18)
                    at TaskQueue.execute_ (C:\Users\X013810\AppData\Roaming\npm\node_modules\protractor\node_modules\selenium-webdriver\lib\promise.js:3084:14)
                    at TaskQueue.executeNext_ (C:\Users\X013810\AppData\Roaming\npm\node_modules\protractor\node_modules\selenium-webdriver\lib\promise.js:3067:27)
                    at C:\Users\X013810\AppData\Roaming\npm\node_modules\protractor\node_modules\selenium-webdriver\lib\promise.js:2974:25
                    at C:\Users\X013810\AppData\Roaming\npm\node_modules\protractor\node_modules\selenium-webdriver\lib\promise.js:668:7</stack-trace>
            </failure>
        </test-case>
        <test-case start='1601915577755' status='failed' stop='1601915580990'>
            <name>ValidationsTest - It should not create new role as the description is more thatn 1000 characters</name>
            <title>ValidationsTest - It should not create new role as the description is more thatn 1000 characters</title>
            <labels/>
            <parameters/>
            <steps/>
            <attachments>
                <attachment title='Screenshot' source='135d2c8f-8c83-4cbe-8579-23b09792e323-attachment.png' type='image/png' size='41609'/>
            </attachments>
            <failure>
                <message>Expected 'The following Role : Super already exists.' to equal 'Some Error occurred while creating/updating the Role'.</message>
                <stack-trace>Error: Failed expectation
                    at UserContext.&lt;anonymous> (C:\Users\UX013810\workspace\WCWRUI\Tests\Admin\UC_AD_24\ValidationTest.js:105:58)
                    at C:\Users\X013810\AppData\Roaming\npm\node_modules\protractor\node_modules\jasminewd2\index.js:112:25
                    at new ManagedPromise (C:\Users\X013810\AppData\Roaming\npm\node_modules\protractor\node_modules\selenium-webdriver\lib\promise.js:1077:7)
                    at ControlFlow.promise (C:\Users\X013810\AppData\Roaming\npm\node_modules\protractor\node_modules\selenium-webdriver\lib\promise.js:2505:12)
                    at schedulerExecute (C:\Users\X013810\AppData\Roaming\npm\node_modules\protractor\node_modules\jasminewd2\index.js:95:18)
                    at TaskQueue.execute_ (C:\Users\X013810\AppData\Roaming\npm\node_modules\protractor\node_modules\selenium-webdriver\lib\promise.js:3084:14)
                    at TaskQueue.executeNext_ (C:\Users\X013810\AppData\Roaming\npm\node_modules\protractor\node_modules\selenium-webdriver\lib\promise.js:3067:27)
                    at C:\Users\X013810\AppData\Roaming\npm\node_modules\protractor\node_modules\selenium-webdriver\lib\promise.js:2974:25
                    at C:\Users\X013810\AppData\Roaming\npm\node_modules\protractor\node_modules\selenium-webdriver\lib\promise.js:668:7</stack-trace>
            </failure>
        </test-case>
        <test-case start='1601915580990' status='passed' stop='1601915583805'>
            <name>ValidationsTest - It should not create new role as the role name contains special characters</name>
            <title>ValidationsTest - It should not create new role as the role name contains special characters</title>
            <labels/>
            <parameters/>
            <steps/>
            <attachments>
                <attachment title='Screenshot' source='4bc53cd3-731d-461c-87ee-542bb8790e7c-attachment.png' type='image/png' size='52407'/>
            </attachments>
        </test-case>
    </test-cases>
</ns2:test-suite>