<?xml version='1.0'?>
<ns2:test-suite xmlns:ns2='urn:model.allure.qatools.yandex.ru' start='1605160685540' stop='1605160685888'>
    <name>Add Case SubType</name>
    <title>Add Case SubType</title>
    <test-cases>
        <test-case start='1605160685540' status='failed' stop='1605160685709'>
            <name>AdminAddsCaseSubTypeTest - It should Add New Case SubType without Entering value</name>
            <title>AdminAddsCaseSubTypeTest - It should Add New Case SubType without Entering value</title>
            <labels/>
            <parameters/>
            <steps/>
            <attachments>
                <attachment title='Screenshot' source='bf14b31c-76f6-4ce9-bd22-48372a599591-attachment.png' type='image/png' size='58554'/>
            </attachments>
            <failure>
                <message>Failed: Element &lt;a> is not clickable at point (74,477) because another element &lt;ngb-modal-window class="modal fade show"> obscures it
                Build info: version: '3.141.59', revision: 'e82be7d358', time: '2018-11-14T08:25:53'
                System info: host: 'USE2DEVP1270', ip: '10.178.167.203', os.name: 'Windows 10', os.arch: 'amd64', os.version: '10.0', java.version: '1.8.0_261'
                Driver info: driver.version: unknown</message>
                <stack-trace>WebDriverError: Element &lt;a> is not clickable at point (74,477) because another element &lt;ngb-modal-window class="modal fade show"> obscures it
                Build info: version: '3.141.59', revision: 'e82be7d358', time: '2018-11-14T08:25:53'
                System info: host: 'USE2DEVP1270', ip: '10.178.167.203', os.name: 'Windows 10', os.arch: 'amd64', os.version: '10.0', java.version: '1.8.0_261'
                Driver info: driver.version: unknown
                    at Object.checkLegacyResponse (C:\Users\X013810\AppData\Roaming\npm\node_modules\protractor\node_modules\selenium-webdriver\lib\error.js:546:15)
                    at parseHttpResponse (C:\Users\X013810\AppData\Roaming\npm\node_modules\protractor\node_modules\selenium-webdriver\lib\http.js:509:13)
                    at C:\Users\X013810\AppData\Roaming\npm\node_modules\protractor\node_modules\selenium-webdriver\lib\http.js:441:30
                    at processTicksAndRejections (internal/process/task_queues.js:97:5)
                From: Task: WebElement.click()
                    at thenableWebDriverProxy.schedule (C:\Users\X013810\AppData\Roaming\npm\node_modules\protractor\node_modules\selenium-webdriver\lib\webdriver.js:807:17)
                    at WebElement.schedule_ (C:\Users\X013810\AppData\Roaming\npm\node_modules\protractor\node_modules\selenium-webdriver\lib\webdriver.js:2010:25)
                    at WebElement.click (C:\Users\X013810\AppData\Roaming\npm\node_modules\protractor\node_modules\selenium-webdriver\lib\webdriver.js:2092:17)
                    at actionFn (C:\Users\X013810\AppData\Roaming\npm\node_modules\protractor\built\element.js:89:44)
                    at Array.map (&lt;anonymous>)
                    at C:\Users\X013810\AppData\Roaming\npm\node_modules\protractor\built\element.js:461:65
                    at ManagedPromise.invokeCallback_ (C:\Users\X013810\AppData\Roaming\npm\node_modules\protractor\node_modules\selenium-webdriver\lib\promise.js:1376:14)
                    at TaskQueue.execute_ (C:\Users\X013810\AppData\Roaming\npm\node_modules\protractor\node_modules\selenium-webdriver\lib\promise.js:3084:14)
                    at TaskQueue.executeNext_ (C:\Users\X013810\AppData\Roaming\npm\node_modules\protractor\node_modules\selenium-webdriver\lib\promise.js:3067:27)
                    at C:\Users\X013810\AppData\Roaming\npm\node_modules\protractor\node_modules\selenium-webdriver\lib\promise.js:2927:27Error
                    at ElementArrayFinder.applyAction_ (C:\Users\X013810\AppData\Roaming\npm\node_modules\protractor\built\element.js:459:27)
                    at ElementArrayFinder.&lt;computed> [as click] (C:\Users\X013810\AppData\Roaming\npm\node_modules\protractor\built\element.js:91:29)
                    at ElementFinder.&lt;computed> [as click] (C:\Users\X013810\AppData\Roaming\npm\node_modules\protractor\built\element.js:831:22)
                    at UserContext.&lt;anonymous> (C:\Users\X013810\.jenkins\WCWRUIAutomation\WCWRUI\Tests\Admin\UC_AD_13_Add_New_Case_Subtype\adminAddsCaseSubTypeTest.js:12:30)
                    at C:\Users\X013810\AppData\Roaming\npm\node_modules\protractor\node_modules\jasminewd2\index.js:112:25
                    at new ManagedPromise (C:\Users\X013810\AppData\Roaming\npm\node_modules\protractor\node_modules\selenium-webdriver\lib\promise.js:1077:7)
                    at ControlFlow.promise (C:\Users\X013810\AppData\Roaming\npm\node_modules\protractor\node_modules\selenium-webdriver\lib\promise.js:2505:12)
                    at schedulerExecute (C:\Users\X013810\AppData\Roaming\npm\node_modules\protractor\node_modules\jasminewd2\index.js:95:18)
                    at TaskQueue.execute_ (C:\Users\X013810\AppData\Roaming\npm\node_modules\protractor\node_modules\selenium-webdriver\lib\promise.js:3084:14)
                    at TaskQueue.executeNext_ (C:\Users\X013810\AppData\Roaming\npm\node_modules\protractor\node_modules\selenium-webdriver\lib\promise.js:3067:27)
                From: Task: Run it("AdminAddsCaseSubTypeTest - It should Add New Case SubType without Entering value") in control flow
                    at UserContext.&lt;anonymous> (C:\Users\X013810\AppData\Roaming\npm\node_modules\protractor\node_modules\jasminewd2\index.js:94:19)
                    at attempt (C:\Users\X013810\AppData\Roaming\npm\node_modules\protractor\node_modules\jasmine-core\lib\jasmine-core\jasmine.js:4297:26)
                    at QueueRunner.run (C:\Users\X013810\AppData\Roaming\npm\node_modules\protractor\node_modules\jasmine-core\lib\jasmine-core\jasmine.js:4217:20)
                    at QueueRunner.execute (C:\Users\X013810\AppData\Roaming\npm\node_modules\protractor\node_modules\jasmine-core\lib\jasmine-core\jasmine.js:4199:10)
                    at Spec.queueRunnerFactory (C:\Users\X013810\AppData\Roaming\npm\node_modules\protractor\node_modules\jasmine-core\lib\jasmine-core\jasmine.js:909:35)
                    at Spec.execute (C:\Users\X013810\AppData\Roaming\npm\node_modules\protractor\node_modules\jasmine-core\lib\jasmine-core\jasmine.js:526:10)
                    at UserContext.fn (C:\Users\X013810\AppData\Roaming\npm\node_modules\protractor\node_modules\jasmine-core\lib\jasmine-core\jasmine.js:5340:37)
                    at attempt (C:\Users\X013810\AppData\Roaming\npm\node_modules\protractor\node_modules\jasmine-core\lib\jasmine-core\jasmine.js:4297:26)
                    at QueueRunner.run (C:\Users\X013810\AppData\Roaming\npm\node_modules\protractor\node_modules\jasmine-core\lib\jasmine-core\jasmine.js:4217:20)
                    at QueueRunner.execute (C:\Users\X013810\AppData\Roaming\npm\node_modules\protractor\node_modules\jasmine-core\lib\jasmine-core\jasmine.js:4199:10)
                From asynchronous test: 
                Error
                    at Suite.&lt;anonymous> (C:\Users\X013810\.jenkins\WCWRUIAutomation\WCWRUI\Tests\Admin\UC_AD_13_Add_New_Case_Subtype\adminAddsCaseSubTypeTest.js:10:1)
                    at addSpecsToSuite (C:\Users\X013810\AppData\Roaming\npm\node_modules\protractor\node_modules\jasmine-core\lib\jasmine-core\jasmine.js:1107:25)
                    at Env.describe (C:\Users\X013810\AppData\Roaming\npm\node_modules\protractor\node_modules\jasmine-core\lib\jasmine-core\jasmine.js:1074:7)
                    at describe (C:\Users\X013810\AppData\Roaming\npm\node_modules\protractor\node_modules\jasmine-core\lib\jasmine-core\jasmine.js:4399:18)
                    at Object.&lt;anonymous> (C:\Users\X013810\.jenkins\WCWRUIAutomation\WCWRUI\Tests\Admin\UC_AD_13_Add_New_Case_Subtype\adminAddsCaseSubTypeTest.js:8:1)
                    at Module._compile (internal/modules/cjs/loader.js:1137:30)
                    at Object.Module._extensions..js (internal/modules/cjs/loader.js:1157:10)
                    at Module.load (internal/modules/cjs/loader.js:985:32)
                    at Function.Module._load (internal/modules/cjs/loader.js:878:14)</stack-trace>
            </failure>
        </test-case>
        <test-case start='1605160685709' status='failed' stop='1605160685888'>
            <name>AdminAddsCaseSubTypeTest - It should Add New Case SubType</name>
            <title>AdminAddsCaseSubTypeTest - It should Add New Case SubType</title>
            <labels/>
            <parameters/>
            <steps/>
            <attachments>
                <attachment title='Screenshot' source='09fcbcee-66b8-49c6-9aa4-518047d684fc-attachment.png' type='image/png' size='58554'/>
            </attachments>
            <failure>
                <message>Failed: Element &lt;a> is not clickable at point (74,477) because another element &lt;ngb-modal-window class="modal fade show"> obscures it
                Build info: version: '3.141.59', revision: 'e82be7d358', time: '2018-11-14T08:25:53'
                System info: host: 'USE2DEVP1270', ip: '10.178.167.203', os.name: 'Windows 10', os.arch: 'amd64', os.version: '10.0', java.version: '1.8.0_261'
                Driver info: driver.version: unknown</message>
                <stack-trace>WebDriverError: Element &lt;a> is not clickable at point (74,477) because another element &lt;ngb-modal-window class="modal fade show"> obscures it
                Build info: version: '3.141.59', revision: 'e82be7d358', time: '2018-11-14T08:25:53'
                System info: host: 'USE2DEVP1270', ip: '10.178.167.203', os.name: 'Windows 10', os.arch: 'amd64', os.version: '10.0', java.version: '1.8.0_261'
                Driver info: driver.version: unknown
                    at Object.checkLegacyResponse (C:\Users\X013810\AppData\Roaming\npm\node_modules\protractor\node_modules\selenium-webdriver\lib\error.js:546:15)
                    at parseHttpResponse (C:\Users\X013810\AppData\Roaming\npm\node_modules\protractor\node_modules\selenium-webdriver\lib\http.js:509:13)
                    at C:\Users\X013810\AppData\Roaming\npm\node_modules\protractor\node_modules\selenium-webdriver\lib\http.js:441:30
                    at processTicksAndRejections (internal/process/task_queues.js:97:5)
                From: Task: WebElement.click()
                    at thenableWebDriverProxy.schedule (C:\Users\X013810\AppData\Roaming\npm\node_modules\protractor\node_modules\selenium-webdriver\lib\webdriver.js:807:17)
                    at WebElement.schedule_ (C:\Users\X013810\AppData\Roaming\npm\node_modules\protractor\node_modules\selenium-webdriver\lib\webdriver.js:2010:25)
                    at WebElement.click (C:\Users\X013810\AppData\Roaming\npm\node_modules\protractor\node_modules\selenium-webdriver\lib\webdriver.js:2092:17)
                    at actionFn (C:\Users\X013810\AppData\Roaming\npm\node_modules\protractor\built\element.js:89:44)
                    at Array.map (&lt;anonymous>)
                    at C:\Users\X013810\AppData\Roaming\npm\node_modules\protractor\built\element.js:461:65
                    at ManagedPromise.invokeCallback_ (C:\Users\X013810\AppData\Roaming\npm\node_modules\protractor\node_modules\selenium-webdriver\lib\promise.js:1376:14)
                    at TaskQueue.execute_ (C:\Users\X013810\AppData\Roaming\npm\node_modules\protractor\node_modules\selenium-webdriver\lib\promise.js:3084:14)
                    at TaskQueue.executeNext_ (C:\Users\X013810\AppData\Roaming\npm\node_modules\protractor\node_modules\selenium-webdriver\lib\promise.js:3067:27)
                    at C:\Users\X013810\AppData\Roaming\npm\node_modules\protractor\node_modules\selenium-webdriver\lib\promise.js:2927:27Error
                    at ElementArrayFinder.applyAction_ (C:\Users\X013810\AppData\Roaming\npm\node_modules\protractor\built\element.js:459:27)
                    at ElementArrayFinder.&lt;computed> [as click] (C:\Users\X013810\AppData\Roaming\npm\node_modules\protractor\built\element.js:91:29)
                    at ElementFinder.&lt;computed> [as click] (C:\Users\X013810\AppData\Roaming\npm\node_modules\protractor\built\element.js:831:22)
                    at UserContext.&lt;anonymous> (C:\Users\X013810\.jenkins\WCWRUIAutomation\WCWRUI\Tests\Admin\UC_AD_13_Add_New_Case_Subtype\adminAddsCaseSubTypeTest.js:24:32)
                    at C:\Users\X013810\AppData\Roaming\npm\node_modules\protractor\node_modules\jasminewd2\index.js:112:25
                    at new ManagedPromise (C:\Users\X013810\AppData\Roaming\npm\node_modules\protractor\node_modules\selenium-webdriver\lib\promise.js:1077:7)
                    at ControlFlow.promise (C:\Users\X013810\AppData\Roaming\npm\node_modules\protractor\node_modules\selenium-webdriver\lib\promise.js:2505:12)
                    at schedulerExecute (C:\Users\X013810\AppData\Roaming\npm\node_modules\protractor\node_modules\jasminewd2\index.js:95:18)
                    at TaskQueue.execute_ (C:\Users\X013810\AppData\Roaming\npm\node_modules\protractor\node_modules\selenium-webdriver\lib\promise.js:3084:14)
                    at TaskQueue.executeNext_ (C:\Users\X013810\AppData\Roaming\npm\node_modules\protractor\node_modules\selenium-webdriver\lib\promise.js:3067:27)
                From: Task: Run it("AdminAddsCaseSubTypeTest - It should Add New Case SubType") in control flow
                    at UserContext.&lt;anonymous> (C:\Users\X013810\AppData\Roaming\npm\node_modules\protractor\node_modules\jasminewd2\index.js:94:19)
                    at attempt (C:\Users\X013810\AppData\Roaming\npm\node_modules\protractor\node_modules\jasmine-core\lib\jasmine-core\jasmine.js:4297:26)
                    at QueueRunner.run (C:\Users\X013810\AppData\Roaming\npm\node_modules\protractor\node_modules\jasmine-core\lib\jasmine-core\jasmine.js:4217:20)
                    at QueueRunner.execute (C:\Users\X013810\AppData\Roaming\npm\node_modules\protractor\node_modules\jasmine-core\lib\jasmine-core\jasmine.js:4199:10)
                    at Spec.queueRunnerFactory (C:\Users\X013810\AppData\Roaming\npm\node_modules\protractor\node_modules\jasmine-core\lib\jasmine-core\jasmine.js:909:35)
                    at Spec.execute (C:\Users\X013810\AppData\Roaming\npm\node_modules\protractor\node_modules\jasmine-core\lib\jasmine-core\jasmine.js:526:10)
                    at UserContext.fn (C:\Users\X013810\AppData\Roaming\npm\node_modules\protractor\node_modules\jasmine-core\lib\jasmine-core\jasmine.js:5340:37)
                    at attempt (C:\Users\X013810\AppData\Roaming\npm\node_modules\protractor\node_modules\jasmine-core\lib\jasmine-core\jasmine.js:4297:26)
                    at QueueRunner.run (C:\Users\X013810\AppData\Roaming\npm\node_modules\protractor\node_modules\jasmine-core\lib\jasmine-core\jasmine.js:4217:20)
                    at runNext (C:\Users\X013810\AppData\Roaming\npm\node_modules\protractor\node_modules\jasmine-core\lib\jasmine-core\jasmine.js:4257:20)
                From asynchronous test: 
                Error
                    at Suite.&lt;anonymous> (C:\Users\X013810\.jenkins\WCWRUIAutomation\WCWRUI\Tests\Admin\UC_AD_13_Add_New_Case_Subtype\adminAddsCaseSubTypeTest.js:22:1)
                    at addSpecsToSuite (C:\Users\X013810\AppData\Roaming\npm\node_modules\protractor\node_modules\jasmine-core\lib\jasmine-core\jasmine.js:1107:25)
                    at Env.describe (C:\Users\X013810\AppData\Roaming\npm\node_modules\protractor\node_modules\jasmine-core\lib\jasmine-core\jasmine.js:1074:7)
                    at describe (C:\Users\X013810\AppData\Roaming\npm\node_modules\protractor\node_modules\jasmine-core\lib\jasmine-core\jasmine.js:4399:18)
                    at Object.&lt;anonymous> (C:\Users\X013810\.jenkins\WCWRUIAutomation\WCWRUI\Tests\Admin\UC_AD_13_Add_New_Case_Subtype\adminAddsCaseSubTypeTest.js:8:1)
                    at Module._compile (internal/modules/cjs/loader.js:1137:30)
                    at Object.Module._extensions..js (internal/modules/cjs/loader.js:1157:10)
                    at Module.load (internal/modules/cjs/loader.js:985:32)
                    at Function.Module._load (internal/modules/cjs/loader.js:878:14)</stack-trace>
            </failure>
        </test-case>
    </test-cases>
</ns2:test-suite>