<?xml version='1.0'?>
<ns2:test-suite xmlns:ns2='urn:model.allure.qatools.yandex.ru' start='1605112488058' stop='1605112546756'>
    <name>Delete KNOS Relationship</name>
    <title>Delete KNOS Relationship</title>
    <test-cases>
        <test-case start='1605112488059' status='failed' stop='1605112531600'>
            <name>DeleteKNOS Association - It should Delete KNOS Association!</name>
            <title>DeleteKNOS Association - It should Delete KNOS Association!</title>
            <labels/>
            <parameters/>
            <steps/>
            <attachments>
                <attachment title='Screenshot' source='f55d7546-1a49-48cd-b5a1-eea8a0573b2e-attachment.png' type='image/png' size='23897'/>
            </attachments>
            <failure>
                <message>Failed: Element &lt;span class="ng-star-inserted"> could not be scrolled into view
                Build info: version: '3.141.59', revision: 'e82be7d358', time: '2018-11-14T08:25:53'
                System info: host: 'USE2DEVP1270', ip: '10.178.167.203', os.name: 'Windows 10', os.arch: 'amd64', os.version: '10.0', java.version: '1.8.0_261'
                Driver info: driver.version: unknown</message>
                <stack-trace>WebDriverError: Element &lt;span class="ng-star-inserted"> could not be scrolled into view
                Build info: version: '3.141.59', revision: 'e82be7d358', time: '2018-11-14T08:25:53'
                System info: host: 'USE2DEVP1270', ip: '10.178.167.203', os.name: 'Windows 10', os.arch: 'amd64', os.version: '10.0', java.version: '1.8.0_261'
                Driver info: driver.version: unknown
                    at Object.checkLegacyResponse (C:\Users\X013810\AppData\Roaming\npm\node_modules\protractor\node_modules\selenium-webdriver\lib\error.js:546:15)
                    at parseHttpResponse (C:\Users\X013810\AppData\Roaming\npm\node_modules\protractor\node_modules\selenium-webdriver\lib\http.js:509:13)
                    at C:\Users\X013810\AppData\Roaming\npm\node_modules\protractor\node_modules\selenium-webdriver\lib\http.js:441:30
                    at runMicrotasks (&lt;anonymous>)
                    at processTicksAndRejections (internal/process/task_queues.js:97:5)
                From: Task: WebElement.click()
                    at thenableWebDriverProxy.schedule (C:\Users\X013810\AppData\Roaming\npm\node_modules\protractor\node_modules\selenium-webdriver\lib\webdriver.js:807:17)
                    at WebElement.schedule_ (C:\Users\X013810\AppData\Roaming\npm\node_modules\protractor\node_modules\selenium-webdriver\lib\webdriver.js:2010:25)
                    at WebElement.click (C:\Users\X013810\AppData\Roaming\npm\node_modules\protractor\node_modules\selenium-webdriver\lib\webdriver.js:2092:17)
                    at actionFn (C:\Users\X013810\AppData\Roaming\npm\node_modules\protractor\built\element.js:89:44)
                    at Array.map (&lt;anonymous>)
                    at C:\Users\X013810\AppData\Roaming\npm\node_modules\protractor\built\element.js:461:65
                    at ManagedPromise.invokeCallback_ (C:\Users\X013810\AppData\Roaming\npm\node_modules\protractor\node_modules\selenium-webdriver\lib\promise.js:1376:14)
                    at TaskQueue.execute_ (C:\Users\X013810\AppData\Roaming\npm\node_modules\protractor\node_modules\selenium-webdriver\lib\promise.js:3084:14)
                    at TaskQueue.executeNext_ (C:\Users\X013810\AppData\Roaming\npm\node_modules\protractor\node_modules\selenium-webdriver\lib\promise.js:3067:27)
                    at C:\Users\X013810\AppData\Roaming\npm\node_modules\protractor\node_modules\selenium-webdriver\lib\promise.js:2927:27Error
                    at ElementArrayFinder.applyAction_ (C:\Users\X013810\AppData\Roaming\npm\node_modules\protractor\built\element.js:459:27)
                    at ElementArrayFinder.&lt;computed> [as click] (C:\Users\X013810\AppData\Roaming\npm\node_modules\protractor\built\element.js:91:29)
                    at ElementFinder.&lt;computed> [as click] (C:\Users\X013810\AppData\Roaming\npm\node_modules\protractor\built\element.js:831:22)
                    at UserContext.&lt;anonymous> (C:\Users\UX013810\workspace\WCWRUI\Tests\Admin\UC_AD_18_Deletes_KNOS_Code_Association\DeleteKNOSTest.js:25:30)
                    at C:\Users\X013810\AppData\Roaming\npm\node_modules\protractor\node_modules\jasminewd2\index.js:112:25
                    at new ManagedPromise (C:\Users\X013810\AppData\Roaming\npm\node_modules\protractor\node_modules\selenium-webdriver\lib\promise.js:1077:7)
                    at ControlFlow.promise (C:\Users\X013810\AppData\Roaming\npm\node_modules\protractor\node_modules\selenium-webdriver\lib\promise.js:2505:12)
                    at schedulerExecute (C:\Users\X013810\AppData\Roaming\npm\node_modules\protractor\node_modules\jasminewd2\index.js:95:18)
                    at TaskQueue.execute_ (C:\Users\X013810\AppData\Roaming\npm\node_modules\protractor\node_modules\selenium-webdriver\lib\promise.js:3084:14)
                    at TaskQueue.executeNext_ (C:\Users\X013810\AppData\Roaming\npm\node_modules\protractor\node_modules\selenium-webdriver\lib\promise.js:3067:27)
                From: Task: Run it("DeleteKNOS Association - It should Delete KNOS Association!") in control flow
                    at UserContext.&lt;anonymous> (C:\Users\X013810\AppData\Roaming\npm\node_modules\protractor\node_modules\jasminewd2\index.js:94:19)
                    at attempt (C:\Users\X013810\AppData\Roaming\npm\node_modules\protractor\node_modules\jasmine-core\lib\jasmine-core\jasmine.js:4297:26)
                    at QueueRunner.run (C:\Users\X013810\AppData\Roaming\npm\node_modules\protractor\node_modules\jasmine-core\lib\jasmine-core\jasmine.js:4217:20)
                    at QueueRunner.execute (C:\Users\X013810\AppData\Roaming\npm\node_modules\protractor\node_modules\jasmine-core\lib\jasmine-core\jasmine.js:4199:10)
                    at Spec.queueRunnerFactory (C:\Users\X013810\AppData\Roaming\npm\node_modules\protractor\node_modules\jasmine-core\lib\jasmine-core\jasmine.js:909:35)
                    at Spec.execute (C:\Users\X013810\AppData\Roaming\npm\node_modules\protractor\node_modules\jasmine-core\lib\jasmine-core\jasmine.js:526:10)
                    at UserContext.fn (C:\Users\X013810\AppData\Roaming\npm\node_modules\protractor\node_modules\jasmine-core\lib\jasmine-core\jasmine.js:5340:37)
                    at attempt (C:\Users\X013810\AppData\Roaming\npm\node_modules\protractor\node_modules\jasmine-core\lib\jasmine-core\jasmine.js:4297:26)
                    at QueueRunner.run (C:\Users\X013810\AppData\Roaming\npm\node_modules\protractor\node_modules\jasmine-core\lib\jasmine-core\jasmine.js:4217:20)
                    at QueueRunner.execute (C:\Users\X013810\AppData\Roaming\npm\node_modules\protractor\node_modules\jasmine-core\lib\jasmine-core\jasmine.js:4199:10)
                From asynchronous test: 
                Error
                    at Suite.&lt;anonymous> (C:\Users\UX013810\workspace\WCWRUI\Tests\Admin\UC_AD_18_Deletes_KNOS_Code_Association\DeleteKNOSTest.js:14:2)
                    at addSpecsToSuite (C:\Users\X013810\AppData\Roaming\npm\node_modules\protractor\node_modules\jasmine-core\lib\jasmine-core\jasmine.js:1107:25)
                    at Env.describe (C:\Users\X013810\AppData\Roaming\npm\node_modules\protractor\node_modules\jasmine-core\lib\jasmine-core\jasmine.js:1074:7)
                    at describe (C:\Users\X013810\AppData\Roaming\npm\node_modules\protractor\node_modules\jasmine-core\lib\jasmine-core\jasmine.js:4399:18)
                    at Object.&lt;anonymous> (C:\Users\UX013810\workspace\WCWRUI\Tests\Admin\UC_AD_18_Deletes_KNOS_Code_Association\DeleteKNOSTest.js:9:1)
                    at Module._compile (internal/modules/cjs/loader.js:1137:30)
                    at Object.Module._extensions..js (internal/modules/cjs/loader.js:1157:10)
                    at Module.load (internal/modules/cjs/loader.js:985:32)
                    at Function.Module._load (internal/modules/cjs/loader.js:878:14)</stack-trace>
            </failure>
        </test-case>
        <test-case start='1605112531600' status='failed' stop='1605112546756'>
            <name>DeleteKNOS Association - Verifying relationship in Associate KNOS Codes drop down</name>
            <title>DeleteKNOS Association - Verifying relationship in Associate KNOS Codes drop down</title>
            <labels/>
            <parameters/>
            <steps/>
            <attachments>
                <attachment title='Screenshot' source='b1abeba9-67fd-4103-a930-084df3da8f2f-attachment.png' type='image/png' size='44745'/>
            </attachments>
            <failure>
                <message>Expected 'Case Type123' not to contain 'Case Type123'.</message>
                <stack-trace>Error: Failed expectation
                    at UserContext.&lt;anonymous> (C:\Users\UX013810\workspace\WCWRUI\Tests\Admin\UC_AD_18_Deletes_KNOS_Code_Association\DeleteKNOSTest.js:61:59)
                    at C:\Users\X013810\AppData\Roaming\npm\node_modules\protractor\node_modules\jasminewd2\index.js:112:25
                    at new ManagedPromise (C:\Users\X013810\AppData\Roaming\npm\node_modules\protractor\node_modules\selenium-webdriver\lib\promise.js:1077:7)
                    at ControlFlow.promise (C:\Users\X013810\AppData\Roaming\npm\node_modules\protractor\node_modules\selenium-webdriver\lib\promise.js:2505:12)
                    at schedulerExecute (C:\Users\X013810\AppData\Roaming\npm\node_modules\protractor\node_modules\jasminewd2\index.js:95:18)
                    at TaskQueue.execute_ (C:\Users\X013810\AppData\Roaming\npm\node_modules\protractor\node_modules\selenium-webdriver\lib\promise.js:3084:14)
                    at TaskQueue.executeNext_ (C:\Users\X013810\AppData\Roaming\npm\node_modules\protractor\node_modules\selenium-webdriver\lib\promise.js:3067:27)
                    at C:\Users\X013810\AppData\Roaming\npm\node_modules\protractor\node_modules\selenium-webdriver\lib\promise.js:2974:25
                    at C:\Users\X013810\AppData\Roaming\npm\node_modules\protractor\node_modules\selenium-webdriver\lib\promise.js:668:7</stack-trace>
            </failure>
        </test-case>
    </test-cases>
</ns2:test-suite>